<?xml version="1.0" encoding="UTF-8"?>
<testng-results skipped="0" failed="0" total="1" passed="1">
  <reporter-output>
  </reporter-output>
  <suite name="Default suite" duration-ms="848" started-at="2014-05-09T02:29:16Z" finished-at="2014-05-09T02:29:17Z">
    <groups>
    </groups>
    <test name="Default test" duration-ms="848" started-at="2014-05-09T02:29:16Z" finished-at="2014-05-09T02:29:17Z">
      <class name="com.yeahwell.epu.TestJavascript">
        <test-method status="PASS" signature="test1()[pri:0, instance:com.yeahwell.epu.TestJavascript@15ee671]" name="test1" duration-ms="829" started-at="2014-05-09T10:29:16Z" finished-at="2014-05-09T10:29:17Z">
          <reporter-output>
          </reporter-output>
        </test-method> <!-- test1 -->
      </class> <!-- com.yeahwell.epu.TestJavascript -->
    </test> <!-- Default test -->
  </suite> <!-- Default suite -->
</testng-results>
